[0m17:04:11.602853 [debug] [MainThread]: Got an exception trying to initialize tracking


============================== 17:04:11.714318 | ccb119ee-fb39-433c-982e-a93f9d1c1969 ==============================
[0m17:04:11.714318 [info ] [MainThread]: Running with dbt=1.11.6
[0m17:04:11.715851 [debug] [MainThread]: running dbt with arguments {'version_check': 'True', 'no_print': 'None', 'static_parser': 'True', 'target_path': 'None', 'warn_error_options': 'WarnErrorOptionsV2(error=[], warn=[], silence=[])', 'printer_width': '80', 'write_json': 'True', 'introspect': 'True', 'log_cache_events': 'False', 'empty': 'None', 'cache_selected_only': 'False', 'log_format': 'default', 'debug': 'False', 'fail_fast': 'False', 'partial_parse': 'True', 'send_anonymous_usage_stats': 'True', 'quiet': 'False', 'warn_error': 'None', 'profiles_dir': 'C:\\Users\\sunny\\.dbt', 'indirect_selection': 'eager', 'invocation_command': 'dbt init retail_project', 'use_colors': 'True', 'use_experimental_parser': 'False', 'log_path': 'logs'}
[0m17:04:11.755153 [debug] [MainThread]: Starter project path: D:\retail_dbt_project\dbt_env\Lib\site-packages\dbt\include\starter_project
[0m17:04:11.789631 [info ] [MainThread]: 
Your new dbt project "retail_project" was created!

For more information on how to configure the profiles.yml file,
please consult the dbt documentation here:

  https://docs.getdbt.com/docs/configure-your-profile

One more thing:

Need help? Don't hesitate to reach out to us via GitHub issues or on Slack:

  https://community.getdbt.com/

Happy modeling!

[0m17:04:11.790916 [info ] [MainThread]: Setting up your profile.
[0m17:04:17.088493 [debug] [MainThread]: Snowflake adapter: Setting snowflake.connector to ERROR (file logging only)
[0m17:04:17.089017 [debug] [MainThread]: Snowflake adapter: Setting botocore to ERROR (file logging only)
[0m17:04:17.089377 [debug] [MainThread]: Snowflake adapter: Setting boto3 to ERROR (file logging only)
[0m17:08:37.256526 [info ] [MainThread]: Profile retail_project written to C:\Users\sunny\.dbt\profiles.yml using target's profile_template.yml and your supplied values. Run 'dbt debug' to validate the connection.
[0m17:08:37.258887 [debug] [MainThread]: Command `dbt init` succeeded at 17:08:37.258657 after 265.72 seconds
[0m17:08:37.259468 [debug] [MainThread]: Flushing usage events
[0m17:09:02.410394 [debug] [MainThread]: Got an exception trying to initialize tracking


============================== 17:09:02.534279 | bbfecf8a-6f81-4f9e-b8ae-563b2df6e22e ==============================
[0m17:09:02.534279 [info ] [MainThread]: Running with dbt=1.11.6
[0m17:09:02.535338 [debug] [MainThread]: running dbt with arguments {'static_parser': 'True', 'no_print': 'None', 'version_check': 'True', 'warn_error_options': 'WarnErrorOptionsV2(error=[], warn=[], silence=[])', 'target_path': 'None', 'printer_width': '80', 'write_json': 'True', 'empty': 'None', 'log_cache_events': 'False', 'introspect': 'True', 'cache_selected_only': 'False', 'log_format': 'default', 'debug': 'False', 'fail_fast': 'False', 'partial_parse': 'True', 'send_anonymous_usage_stats': 'True', 'quiet': 'False', 'warn_error': 'None', 'profiles_dir': 'C:\\Users\\sunny\\.dbt', 'indirect_selection': 'eager', 'invocation_command': 'dbt debug', 'use_colors': 'True', 'use_experimental_parser': 'False', 'log_path': 'logs'}
[0m17:09:02.566678 [info ] [MainThread]: dbt version: 1.11.6
[0m17:09:02.567575 [info ] [MainThread]: python version: 3.13.2
[0m17:09:02.568262 [info ] [MainThread]: python path: D:\retail_dbt_project\dbt_env\Scripts\python.exe
[0m17:09:02.570069 [info ] [MainThread]: os info: Windows-11-10.0.26200-SP0
[0m17:09:03.324728 [debug] [MainThread]: Snowflake adapter: Setting snowflake.connector to ERROR (file logging only)
[0m17:09:03.325672 [debug] [MainThread]: Snowflake adapter: Setting botocore to ERROR (file logging only)
[0m17:09:03.326413 [debug] [MainThread]: Snowflake adapter: Setting boto3 to ERROR (file logging only)
[0m17:09:03.449053 [info ] [MainThread]: Using profiles dir at C:\Users\sunny\.dbt
[0m17:09:03.450036 [info ] [MainThread]: Using profiles.yml file at C:\Users\sunny\.dbt\profiles.yml
[0m17:09:03.450791 [info ] [MainThread]: Using dbt_project.yml file at D:\retail_dbt_project\dbt_project.yml
[0m17:09:03.451636 [error] [MainThread]: Encountered an error:
Internal Error
  Profile should not be None if loading profile completed
[0m17:09:03.453484 [debug] [MainThread]: Command `dbt debug` failed at 17:09:03.453152 after 1.16 seconds
[0m17:09:03.454206 [debug] [MainThread]: Flushing usage events
[0m17:18:11.505403 [debug] [MainThread]: Got an exception trying to initialize tracking


============================== 17:18:11.608272 | a3916227-8ee2-486b-a99e-b027492eb49d ==============================
[0m17:18:11.608272 [info ] [MainThread]: Running with dbt=1.11.6
[0m17:18:11.609315 [debug] [MainThread]: running dbt with arguments {'version_check': 'True', 'no_print': 'None', 'static_parser': 'True', 'warn_error_options': 'WarnErrorOptionsV2(error=[], warn=[], silence=[])', 'target_path': 'None', 'printer_width': '80', 'write_json': 'True', 'introspect': 'True', 'log_cache_events': 'False', 'empty': 'None', 'cache_selected_only': 'False', 'fail_fast': 'False', 'debug': 'False', 'log_format': 'default', 'partial_parse': 'True', 'send_anonymous_usage_stats': 'True', 'quiet': 'False', 'warn_error': 'None', 'profiles_dir': 'C:\\Users\\sunny\\.dbt', 'indirect_selection': 'eager', 'invocation_command': 'dbt debug', 'use_colors': 'True', 'use_experimental_parser': 'False', 'log_path': 'logs'}
[0m17:18:11.629096 [info ] [MainThread]: dbt version: 1.11.6
[0m17:18:11.630025 [info ] [MainThread]: python version: 3.13.2
[0m17:18:11.630651 [info ] [MainThread]: python path: D:\retail_dbt_project\dbt_env\Scripts\python.exe
[0m17:18:11.631416 [info ] [MainThread]: os info: Windows-11-10.0.26200-SP0
[0m17:18:12.199239 [debug] [MainThread]: Snowflake adapter: Setting snowflake.connector to ERROR (file logging only)
[0m17:18:12.199785 [debug] [MainThread]: Snowflake adapter: Setting botocore to ERROR (file logging only)
[0m17:18:12.200193 [debug] [MainThread]: Snowflake adapter: Setting boto3 to ERROR (file logging only)
[0m17:18:12.285857 [info ] [MainThread]: Using profiles dir at C:\Users\sunny\.dbt
[0m17:18:12.286700 [info ] [MainThread]: Using profiles.yml file at C:\Users\sunny\.dbt\profiles.yml
[0m17:18:12.287322 [info ] [MainThread]: Using dbt_project.yml file at D:\retail_dbt_project\dbt_project.yml
[0m17:18:12.288695 [info ] [MainThread]: adapter type: snowflake
[0m17:18:12.289254 [info ] [MainThread]: adapter version: 1.11.2
[0m17:18:12.289820 [info ] [MainThread]: Configuration:
[0m17:18:12.290356 [info ] [MainThread]:   profiles.yml file [[32mOK found and valid[0m]
[0m17:18:12.290930 [info ] [MainThread]:   dbt_project.yml file [[31mERROR not found[0m]
[0m17:18:12.291486 [info ] [MainThread]: Required dependencies:
[0m17:18:12.292305 [debug] [MainThread]: Executing "git --help"
[0m17:18:12.346777 [debug] [MainThread]: STDOUT: "b"usage: git [-v | --version] [-h | --help] [-C <path>] [-c <name>=<value>]\n           [--exec-path[=<path>]] [--html-path] [--man-path] [--info-path]\n           [-p | --paginate | -P | --no-pager] [--no-replace-objects] [--no-lazy-fetch]\n           [--no-optional-locks] [--no-advice] [--bare] [--git-dir=<path>]\n           [--work-tree=<path>] [--namespace=<name>] [--config-env=<name>=<envvar>]\n           <command> [<args>]\n\nThese are common Git commands used in various situations:\n\nstart a working area (see also: git help tutorial)\n   clone      Clone a repository into a new directory\n   init       Create an empty Git repository or reinitialize an existing one\n\nwork on the current change (see also: git help everyday)\n   add        Add file contents to the index\n   mv         Move or rename a file, a directory, or a symlink\n   restore    Restore working tree files\n   rm         Remove files from the working tree and from the index\n\nexamine the history and state (see also: git help revisions)\n   bisect     Use binary search to find the commit that introduced a bug\n   diff       Show changes between commits, commit and working tree, etc\n   grep       Print lines matching a pattern\n   log        Show commit logs\n   show       Show various types of objects\n   status     Show the working tree status\n\ngrow, mark and tweak your common history\n   backfill   Download missing objects in a partial clone\n   branch     List, create, or delete branches\n   commit     Record changes to the repository\n   merge      Join two or more development histories together\n   rebase     Reapply commits on top of another base tip\n   reset      Reset current HEAD to the specified state\n   switch     Switch branches\n   tag        Create, list, delete or verify a tag object signed with GPG\n\ncollaborate (see also: git help workflows)\n   fetch      Download objects and refs from another repository\n   pull       Fetch from and integrate with another repository or a local branch\n   push       Update remote refs along with associated objects\n\n'git help -a' and 'git help -g' list available subcommands and some\nconcept guides. See 'git help <command>' or 'git help <concept>'\nto read about a specific subcommand or concept.\nSee 'git help git' for an overview of the system.\n""
[0m17:18:12.347378 [debug] [MainThread]: STDERR: "b''"
[0m17:18:12.347893 [info ] [MainThread]:  - git [[32mOK found[0m]

[0m17:18:12.348527 [info ] [MainThread]: Connection:
[0m17:18:12.349157 [info ] [MainThread]:   account: YN03706
[0m17:18:12.349553 [info ] [MainThread]:   user: SUNNY862
[0m17:18:12.349901 [info ] [MainThread]:   database: retail_dw
[0m17:18:12.350229 [info ] [MainThread]:   warehouse: COMPUTE_WH
[0m17:18:12.350707 [info ] [MainThread]:   role: SUNNY862
[0m17:18:12.351206 [info ] [MainThread]:   schema: staging
[0m17:18:12.351707 [info ] [MainThread]:   authenticator: None
[0m17:18:12.352047 [info ] [MainThread]:   oauth_client_id: None
[0m17:18:12.352350 [info ] [MainThread]:   query_tag: None
[0m17:18:12.352879 [info ] [MainThread]:   client_session_keep_alive: False
[0m17:18:12.353234 [info ] [MainThread]:   host: None
[0m17:18:12.353562 [info ] [MainThread]:   port: None
[0m17:18:12.354187 [info ] [MainThread]:   proxy_host: None
[0m17:18:12.354696 [info ] [MainThread]:   proxy_port: None
[0m17:18:12.355527 [info ] [MainThread]:   protocol: None
[0m17:18:12.356130 [info ] [MainThread]:   connect_retries: 1
[0m17:18:12.356703 [info ] [MainThread]:   connect_timeout: None
[0m17:18:12.357298 [info ] [MainThread]:   retry_on_database_errors: False
[0m17:18:12.357798 [info ] [MainThread]:   retry_all: False
[0m17:18:12.358296 [info ] [MainThread]:   insecure_mode: False
[0m17:18:12.358813 [info ] [MainThread]:   reuse_connections: True
[0m17:18:12.359447 [info ] [MainThread]:   s3_stage_vpce_dns_name: None
[0m17:18:12.360065 [info ] [MainThread]:   platform_detection_timeout_seconds: 0.0
[0m17:18:12.361696 [info ] [MainThread]: Registered adapter: snowflake=1.11.2
[0m17:18:12.595875 [debug] [MainThread]: Acquiring new snowflake connection 'debug'
[0m17:18:17.319626 [debug] [MainThread]: Using snowflake connection "debug"
[0m17:18:17.320160 [debug] [MainThread]: On debug: select 1 as id
[0m17:18:17.320522 [debug] [MainThread]: Opening a new connection, currently in state init
[0m17:18:21.818331 [debug] [MainThread]: Snowflake adapter: Error running SQL: select 1 as id
[0m17:18:21.818991 [debug] [MainThread]: Snowflake adapter: Rolling back transaction.
[0m17:18:21.820829 [info ] [MainThread]:   Connection test: [[31mERROR[0m]

[0m17:18:21.825079 [info ] [MainThread]: [31m2 checks failed:[0m
[0m17:18:21.825957 [info ] [MainThread]: Project loading failed for the following reason:
 project path <D:\retail_dbt_project\dbt_project.yml> not found

[0m17:18:21.826863 [info ] [MainThread]: dbt was unable to connect to the specified database.
The database returned the following error:

  >Database Error
  290404 (08001): 404 Not Found: post YN03706.snowflakecomputing.com:443/session/v1/login-request

Check your database credentials and try again. For more information, visit:
https://docs.getdbt.com/docs/configure-your-profile


[0m17:18:21.828427 [debug] [MainThread]: Command `dbt debug` failed at 17:18:21.828233 after 10.40 seconds
[0m17:18:21.828951 [debug] [MainThread]: Connection 'debug' was left open.
[0m17:18:21.829372 [debug] [MainThread]: On debug: No close available on handle
[0m17:18:21.829788 [debug] [MainThread]: Flushing usage events
